Starting TPT on era20c
	Seed 0 of 5
	Seed 1 of 5
	Seed 2 of 5
	Seed 3 of 5
	Seed 4 of 5
Starting TPT on eraint
	Seed 0 of 5
	Seed 1 of 5
	Seed 2 of 5
	Seed 3 of 5
	Seed 4 of 5
Starting TPT on S2S
	Seed 0 of 5
n_clusters: [120 120 120 120 120 120 120 120 120 120 120 120 120 120 120 120 120 120
 120 120 120 120 120 120 120 120 120 120 120 120 120 120 120 120 120 120
 120 120 120 120 120 120 120 120 120 120 120 120 120 120 120 120 120 120
 120 120 120 120 120 120 120 120 120 120 120 120 120 120 120 120 120 120
 120 120 120 120 120 120 120 120 120 120 120 120 120 120 120 120 120 120
 120 120 120 120 120 120 120 120 120 120 120 120 120 120 120 120 120 120
 120 120 120 120 120 120 120 120 120 120 120 120 120 120 120 120 120 120
 120 120 120 120 120 120 120 120 120 120 120 120 120 120 120 120 120 120
 120 120 120 120 120 120]
MSM timestep 0 out of 150
MSM timestep 30 out of 150
MSM timestep 60 out of 150
MSM timestep 90 out of 150
MSM timestep 120 out of 150
uref_y: min=-49.91771138509114, max=75.18267923990885, mean=16.11239110853794
ina[0].shape = (120,), inb[0].shape = (120,), P_list[0].shape = (120, 120)
uref_y: min=-49.91771138509114, max=75.18267923990885, mean=16.11239110853794
ina[0].shape = (120,), inb[0].shape = (120,), P_list[0].shape = (120, 120)
uref_y: min=-49.91771138509114, max=75.18267923990885, mean=16.11239110853794
ina[0].shape = (120,), inb[0].shape = (120,), P_list[0].shape = (120, 120)
uref_y: min=-49.91771138509114, max=75.18267923990885, mean=16.11239110853794
ina[0].shape = (120,), inb[0].shape = (120,), P_list[0].shape = (120, 120)
uref_y: min=-49.91771138509114, max=75.18267923990885, mean=16.11239110853794
ina[0].shape = (120,), inb[0].shape = (120,), P_list[0].shape = (120, 120)
uref_y: min=-49.91771138509114, max=75.18267923990885, mean=16.11239110853794
ina[0].shape = (120,), inb[0].shape = (120,), P_list[0].shape = (120, 120)
uref_y: min=-49.91771138509114, max=75.18267923990885, mean=16.11239110853794
ina[0].shape = (120,), inb[0].shape = (120,), P_list[0].shape = (120, 120)
	Seed 1 of 5
n_clusters: [120 120 120 120 120 120 120 120 120 120 120 120 120 120 120 120 120 120
 120 120 120 120 120 120 120 120 120 120 120 120 120 120 120 120 120 120
 120 120 120 120 120 120 120 120 120 120 120 120 120 120 120 120 120 120
 120 120 120 120 120 120 120 120 120 120 120 120 120 120 120 120 120 120
 120 120 120 120 120 120 120 120 120 120 120 120 120 120 120 120 120 120
 120 120 120 120 120 120 120 120 120 120 120 120 120 120 120 120 120 120
 120 120 120 120 120 120 120 120 120 120 120 120 120 120 120 120 120 120
 120 120 120 120 120 120 120 120 120 120 120 120 120 120 120 120 120 120
 120 120 120 120 120 120]
MSM timestep 0 out of 150
MSM timestep 30 out of 150
MSM timestep 60 out of 150
MSM timestep 90 out of 150
MSM timestep 120 out of 150
uref_y: min=-43.802829996744784, max=73.19600219726563, mean=15.080914745924801
ina[0].shape = (120,), inb[0].shape = (120,), P_list[0].shape = (120, 120)
uref_y: min=-43.802829996744784, max=73.19600219726563, mean=15.080914745924801
ina[0].shape = (120,), inb[0].shape = (120,), P_list[0].shape = (120, 120)
uref_y: min=-43.802829996744784, max=73.19600219726563, mean=15.080914745924801
ina[0].shape = (120,), inb[0].shape = (120,), P_list[0].shape = (120, 120)
uref_y: min=-43.802829996744784, max=73.19600219726563, mean=15.080914745924801
ina[0].shape = (120,), inb[0].shape = (120,), P_list[0].shape = (120, 120)
uref_y: min=-43.802829996744784, max=73.19600219726563, mean=15.080914745924801
ina[0].shape = (120,), inb[0].shape = (120,), P_list[0].shape = (120, 120)
uref_y: min=-43.802829996744784, max=73.19600219726563, mean=15.080914745924801
ina[0].shape = (120,), inb[0].shape = (120,), P_list[0].shape = (120, 120)
uref_y: min=-43.802829996744784, max=73.19600219726563, mean=15.080914745924801
ina[0].shape = (120,), inb[0].shape = (120,), P_list[0].shape = (120, 120)
	Seed 2 of 5
n_clusters: [120 120 120 120 120 120 120 120 120 120 120 120 120 120 120 120 120 120
 120 120 120 120 120 120 120 120 120 120 120 120 120 120 120 120 120 120
 120 120 120 120 120 120 120 120 120 120 120 120 120 120 120 120 120 120
 120 120 120 120 120 120 120 120 120 120 120 120 120 120 120 120 120 120
 120 120 120 120 120 120 120 120 120 120 120 120 120 120 120 120 120 120
 120 120 120 120 120 120 120 120 120 120 120 120 120 120 120 120 120 120
 120 120 120 120 120 120 120 120 120 120 120 120 120 120 120 120 120 120
 120 120 120 120 120 120 120 120 120 120 120 120 120 120 120 120 120 120
 120 120 120 120 120 120]
MSM timestep 0 out of 150
MSM timestep 30 out of 150
MSM timestep 60 out of 150
MSM timestep 90 out of 150
MSM timestep 120 out of 150
uref_y: min=-49.91771138509114, max=75.18267923990885, mean=14.528413048853581
ina[0].shape = (120,), inb[0].shape = (120,), P_list[0].shape = (120, 120)
uref_y: min=-49.91771138509114, max=75.18267923990885, mean=14.528413048853581
ina[0].shape = (120,), inb[0].shape = (120,), P_list[0].shape = (120, 120)
uref_y: min=-49.91771138509114, max=75.18267923990885, mean=14.528413048853581
ina[0].shape = (120,), inb[0].shape = (120,), P_list[0].shape = (120, 120)
uref_y: min=-49.91771138509114, max=75.18267923990885, mean=14.528413048853581
ina[0].shape = (120,), inb[0].shape = (120,), P_list[0].shape = (120, 120)
uref_y: min=-49.91771138509114, max=75.18267923990885, mean=14.528413048853581
ina[0].shape = (120,), inb[0].shape = (120,), P_list[0].shape = (120, 120)
uref_y: min=-49.91771138509114, max=75.18267923990885, mean=14.528413048853581
ina[0].shape = (120,), inb[0].shape = (120,), P_list[0].shape = (120, 120)
uref_y: min=-49.91771138509114, max=75.18267923990885, mean=14.528413048853581
ina[0].shape = (120,), inb[0].shape = (120,), P_list[0].shape = (120, 120)
	Seed 3 of 5
n_clusters: [100 120 120 120 120 120 120 120 120 120 120 120 120 120 120 120 120 120
 120 120 120 120 120 120 120 120 120 120 120 120 120 120 120 120 120 120
 120 120 120 120 120 120 120 120 120 120 120 120 120 120 120 120 120 120
 120 120 120 120 120 120 120 120 120 120 120 120 120 120 120 120 120 120
 120 120 120 120 120 120 120 120 120 120 120 120 120 120 120 120 120 120
 120 120 120 120 120 120 120 120 120 120 120 120 120 120 120 120 120 120
 120 120 120 120 120 120 120 120 120 120 120 120 120 120 120 120 120 120
 120 120 120 120 120 120 120 120 120 120 120 120 120 120 120 120 120 120
 120 120 120 120 120 120]
MSM timestep 0 out of 150
MSM timestep 30 out of 150
MSM timestep 60 out of 150
MSM timestep 90 out of 150
MSM timestep 120 out of 150
uref_y: min=-49.91771138509114, max=75.18267923990885, mean=16.90572631187217
ina[0].shape = (100,), inb[0].shape = (100,), P_list[0].shape = (100, 120)
uref_y: min=-49.91771138509114, max=75.18267923990885, mean=16.90572631187217
ina[0].shape = (100,), inb[0].shape = (100,), P_list[0].shape = (100, 120)
uref_y: min=-49.91771138509114, max=75.18267923990885, mean=16.90572631187217
ina[0].shape = (100,), inb[0].shape = (100,), P_list[0].shape = (100, 120)
uref_y: min=-49.91771138509114, max=75.18267923990885, mean=16.90572631187217
ina[0].shape = (100,), inb[0].shape = (100,), P_list[0].shape = (100, 120)
uref_y: min=-49.91771138509114, max=75.18267923990885, mean=16.90572631187217
ina[0].shape = (100,), inb[0].shape = (100,), P_list[0].shape = (100, 120)
uref_y: min=-49.91771138509114, max=75.18267923990885, mean=16.90572631187217
ina[0].shape = (100,), inb[0].shape = (100,), P_list[0].shape = (100, 120)
uref_y: min=-49.91771138509114, max=75.18267923990885, mean=16.90572631187217
ina[0].shape = (100,), inb[0].shape = (100,), P_list[0].shape = (100, 120)
	Seed 4 of 5
n_clusters: [120 120 120 120 120 120 120 120 120 120 120 120 120 120 120 120 120 120
 120 120 120 120 120 120 120 120 120 120 120 120 120 120 120 120 120 120
 120 120 120 120 120 120 120 120 120 120 120 120 120 120 120 120 120 120
 120 120 120 120 120 120 120 120 120 120 120 120 120 120 120 120 120 120
 120 120 120 120 120 120 120 120 120 120 120 120 120 120 120 120 120 120
 120 120 120 120 120 120 120 120 120 120 120 120 120 120 120 120 120 120
 120 120 120 120 120 120 120 120 120 120 120 120 120 120 120 120 120 120
 120 120 120 120 120 120 120 120 120 120 120 120 120 120 120 120 120 120
 120 120 120 120 120 120]
MSM timestep 0 out of 150
MSM timestep 30 out of 150
MSM timestep 60 out of 150
MSM timestep 90 out of 150
MSM timestep 120 out of 150
uref_y: min=-37.01066385904946, max=73.19600219726563, mean=15.835372401077741
ina[0].shape = (120,), inb[0].shape = (120,), P_list[0].shape = (120, 120)
uref_y: min=-37.01066385904946, max=73.19600219726563, mean=15.835372401077741
ina[0].shape = (120,), inb[0].shape = (120,), P_list[0].shape = (120, 120)
uref_y: min=-37.01066385904946, max=73.19600219726563, mean=15.835372401077741
ina[0].shape = (120,), inb[0].shape = (120,), P_list[0].shape = (120, 120)
uref_y: min=-37.01066385904946, max=73.19600219726563, mean=15.835372401077741
ina[0].shape = (120,), inb[0].shape = (120,), P_list[0].shape = (120, 120)
uref_y: min=-37.01066385904946, max=73.19600219726563, mean=15.835372401077741
ina[0].shape = (120,), inb[0].shape = (120,), P_list[0].shape = (120, 120)
uref_y: min=-37.01066385904946, max=73.19600219726563, mean=15.835372401077741
ina[0].shape = (120,), inb[0].shape = (120,), P_list[0].shape = (120, 120)
uref_y: min=-37.01066385904946, max=73.19600219726563, mean=15.835372401077741
ina[0].shape = (120,), inb[0].shape = (120,), P_list[0].shape = (120, 120)
Starting TPT on era20c
	Seed 0 of 5
	Seed 1 of 5
	Seed 2 of 5
	Seed 3 of 5
	Seed 4 of 5
Starting TPT on eraint
	Seed 0 of 5
	Seed 1 of 5
	Seed 2 of 5
	Seed 3 of 5
	Seed 4 of 5
Starting TPT on S2S
	Seed 0 of 5
n_clusters: [100 100 100 100 100 100 100 100 100 100 100 100 100 100 100 100 100 100
 100 100 100 100 100 100 100 100 100 100 100 100 100 100 100 100 100 100
 100 100 100 100 100 100 100 100 100 100 100 100 100 100 100 100 100 100
 100 100 100 100 100 100 100 100 100 100 100 100 100 100 100 100 100 100
 100 100 100 100 100 100 100 100 100 100 100 100 100 100 100 100 100 100
 100 100 100 100 100 100 100 100 100 100 100 100 100 100 100 100 100 100
 100 100 100 100 100 100 100 100 100 100 100 100 100 100 100 100 100 100
 100 100 100 100 100 100 100 100 100 100 100 100 100 100 100 100 100 100
 100 100 100 100 100 100]
MSM timestep 0 out of 150
MSM timestep 30 out of 150
MSM timestep 60 out of 150
MSM timestep 90 out of 150
MSM timestep 120 out of 150
uref_y: min=-49.91771138509114, max=75.18267923990885, mean=16.11239110853794
ina[0].shape = (100,), inb[0].shape = (100,), P_list[0].shape = (100, 100)
uref_y: min=-49.91771138509114, max=75.18267923990885, mean=16.11239110853794
ina[0].shape = (100,), inb[0].shape = (100,), P_list[0].shape = (100, 100)
uref_y: min=-49.91771138509114, max=75.18267923990885, mean=16.11239110853794
ina[0].shape = (100,), inb[0].shape = (100,), P_list[0].shape = (100, 100)
uref_y: min=-49.91771138509114, max=75.18267923990885, mean=16.11239110853794
ina[0].shape = (100,), inb[0].shape = (100,), P_list[0].shape = (100, 100)
uref_y: min=-49.91771138509114, max=75.18267923990885, mean=16.11239110853794
ina[0].shape = (100,), inb[0].shape = (100,), P_list[0].shape = (100, 100)
uref_y: min=-49.91771138509114, max=75.18267923990885, mean=16.11239110853794
ina[0].shape = (100,), inb[0].shape = (100,), P_list[0].shape = (100, 100)
uref_y: min=-49.91771138509114, max=75.18267923990885, mean=16.11239110853794
ina[0].shape = (100,), inb[0].shape = (100,), P_list[0].shape = (100, 100)
	Seed 1 of 5
n_clusters: [100 100 100 100 100 100 100 100 100 100 100 100 100 100 100 100 100 100
 100 100 100 100 100 100 100 100 100 100 100 100 100 100 100 100 100 100
 100 100 100 100 100 100 100 100 100 100 100 100 100 100 100 100 100 100
 100 100 100 100 100 100 100 100 100 100 100 100 100 100 100 100 100 100
 100 100 100 100 100 100 100 100 100 100 100 100 100 100 100 100 100 100
 100 100 100 100 100 100 100 100 100 100 100 100 100 100 100 100 100 100
 100 100 100 100 100 100 100 100 100 100 100 100 100 100 100 100 100 100
 100 100 100 100 100 100 100 100 100 100 100 100 100 100 100 100 100 100
 100 100 100 100 100 100]
MSM timestep 0 out of 150
MSM timestep 30 out of 150
MSM timestep 60 out of 150
MSM timestep 90 out of 150
MSM timestep 120 out of 150
uref_y: min=-43.802829996744784, max=73.19600219726563, mean=15.080914745924801
ina[0].shape = (100,), inb[0].shape = (100,), P_list[0].shape = (100, 100)
uref_y: min=-43.802829996744784, max=73.19600219726563, mean=15.080914745924801
ina[0].shape = (100,), inb[0].shape = (100,), P_list[0].shape = (100, 100)
uref_y: min=-43.802829996744784, max=73.19600219726563, mean=15.080914745924801
ina[0].shape = (100,), inb[0].shape = (100,), P_list[0].shape = (100, 100)
uref_y: min=-43.802829996744784, max=73.19600219726563, mean=15.080914745924801
ina[0].shape = (100,), inb[0].shape = (100,), P_list[0].shape = (100, 100)
uref_y: min=-43.802829996744784, max=73.19600219726563, mean=15.080914745924801
ina[0].shape = (100,), inb[0].shape = (100,), P_list[0].shape = (100, 100)
uref_y: min=-43.802829996744784, max=73.19600219726563, mean=15.080914745924801
ina[0].shape = (100,), inb[0].shape = (100,), P_list[0].shape = (100, 100)
uref_y: min=-43.802829996744784, max=73.19600219726563, mean=15.080914745924801
ina[0].shape = (100,), inb[0].shape = (100,), P_list[0].shape = (100, 100)
	Seed 2 of 5
n_clusters: [100 100 100 100 100 100 100 100 100 100 100 100 100 100 100 100 100 100
 100 100 100 100 100 100 100 100 100 100 100 100 100 100 100 100 100 100
 100 100 100 100 100 100 100 100 100 100 100 100 100 100 100 100 100 100
 100 100 100 100 100 100 100 100 100 100 100 100 100 100 100 100 100 100
 100 100 100 100 100 100 100 100 100 100 100 100 100 100 100 100 100 100
 100 100 100 100 100 100 100 100 100 100 100 100 100 100 100 100 100 100
 100 100 100 100 100 100 100 100 100 100 100 100 100 100 100 100 100 100
 100 100 100 100 100 100 100 100 100 100 100 100 100 100 100 100 100 100
 100 100 100 100 100 100]
MSM timestep 0 out of 150
MSM timestep 30 out of 150
MSM timestep 60 out of 150
MSM timestep 90 out of 150
MSM timestep 120 out of 150
uref_y: min=-49.91771138509114, max=75.18267923990885, mean=14.528413048853581
ina[0].shape = (100,), inb[0].shape = (100,), P_list[0].shape = (100, 100)
uref_y: min=-49.91771138509114, max=75.18267923990885, mean=14.528413048853581
ina[0].shape = (100,), inb[0].shape = (100,), P_list[0].shape = (100, 100)
uref_y: min=-49.91771138509114, max=75.18267923990885, mean=14.528413048853581
ina[0].shape = (100,), inb[0].shape = (100,), P_list[0].shape = (100, 100)
uref_y: min=-49.91771138509114, max=75.18267923990885, mean=14.528413048853581
ina[0].shape = (100,), inb[0].shape = (100,), P_list[0].shape = (100, 100)
uref_y: min=-49.91771138509114, max=75.18267923990885, mean=14.528413048853581
ina[0].shape = (100,), inb[0].shape = (100,), P_list[0].shape = (100, 100)
uref_y: min=-49.91771138509114, max=75.18267923990885, mean=14.528413048853581
ina[0].shape = (100,), inb[0].shape = (100,), P_list[0].shape = (100, 100)
uref_y: min=-49.91771138509114, max=75.18267923990885, mean=14.528413048853581
ina[0].shape = (100,), inb[0].shape = (100,), P_list[0].shape = (100, 100)
	Seed 3 of 5
n_clusters: [100 100 100 100 100 100 100 100 100 100 100 100 100 100 100 100 100 100
 100 100 100 100 100 100 100 100 100 100 100 100 100 100 100 100 100 100
 100 100 100 100 100 100 100 100 100 100 100 100 100 100 100 100 100 100
 100 100 100 100 100 100 100 100 100 100 100 100 100 100 100 100 100 100
 100 100 100 100 100 100 100 100 100 100 100 100 100 100 100 100 100 100
 100 100 100 100 100 100 100 100 100 100 100 100 100 100 100 100 100 100
 100 100 100 100 100 100 100 100 100 100 100 100 100 100 100 100 100 100
 100 100 100 100 100 100 100 100 100 100 100 100 100 100 100 100 100 100
 100 100 100 100 100 100]
MSM timestep 0 out of 150
MSM timestep 30 out of 150
MSM timestep 60 out of 150
MSM timestep 90 out of 150
MSM timestep 120 out of 150
uref_y: min=-49.91771138509114, max=75.18267923990885, mean=16.90572631187217
ina[0].shape = (100,), inb[0].shape = (100,), P_list[0].shape = (100, 100)
uref_y: min=-49.91771138509114, max=75.18267923990885, mean=16.90572631187217
ina[0].shape = (100,), inb[0].shape = (100,), P_list[0].shape = (100, 100)
uref_y: min=-49.91771138509114, max=75.18267923990885, mean=16.90572631187217
ina[0].shape = (100,), inb[0].shape = (100,), P_list[0].shape = (100, 100)
uref_y: min=-49.91771138509114, max=75.18267923990885, mean=16.90572631187217
ina[0].shape = (100,), inb[0].shape = (100,), P_list[0].shape = (100, 100)
uref_y: min=-49.91771138509114, max=75.18267923990885, mean=16.90572631187217
ina[0].shape = (100,), inb[0].shape = (100,), P_list[0].shape = (100, 100)
uref_y: min=-49.91771138509114, max=75.18267923990885, mean=16.90572631187217
ina[0].shape = (100,), inb[0].shape = (100,), P_list[0].shape = (100, 100)
uref_y: min=-49.91771138509114, max=75.18267923990885, mean=16.90572631187217
ina[0].shape = (100,), inb[0].shape = (100,), P_list[0].shape = (100, 100)
	Seed 4 of 5
n_clusters: [100 100 100 100 100 100 100 100 100 100 100 100 100 100 100 100 100 100
 100 100 100 100 100 100 100 100 100 100 100 100 100 100 100 100 100 100
 100 100 100 100 100 100 100 100 100 100 100 100 100 100 100 100 100 100
 100 100 100 100 100 100 100 100 100 100 100 100 100 100 100 100 100 100
 100 100 100 100 100 100 100 100 100 100 100 100 100 100 100 100 100 100
 100 100 100 100 100 100 100 100 100 100 100 100 100 100 100 100 100 100
 100 100 100 100 100 100 100 100 100 100 100 100 100 100 100 100 100 100
 100 100 100 100 100 100 100 100 100 100 100 100 100 100 100 100 100 100
 100 100 100 100 100 100]
MSM timestep 0 out of 150
MSM timestep 30 out of 150
MSM timestep 60 out of 150
MSM timestep 90 out of 150
MSM timestep 120 out of 150
uref_y: min=-37.01066385904946, max=73.19600219726563, mean=15.835372401077741
ina[0].shape = (100,), inb[0].shape = (100,), P_list[0].shape = (100, 100)
uref_y: min=-37.01066385904946, max=73.19600219726563, mean=15.835372401077741
ina[0].shape = (100,), inb[0].shape = (100,), P_list[0].shape = (100, 100)
uref_y: min=-37.01066385904946, max=73.19600219726563, mean=15.835372401077741
ina[0].shape = (100,), inb[0].shape = (100,), P_list[0].shape = (100, 100)
uref_y: min=-37.01066385904946, max=73.19600219726563, mean=15.835372401077741
ina[0].shape = (100,), inb[0].shape = (100,), P_list[0].shape = (100, 100)
uref_y: min=-37.01066385904946, max=73.19600219726563, mean=15.835372401077741
ina[0].shape = (100,), inb[0].shape = (100,), P_list[0].shape = (100, 100)
uref_y: min=-37.01066385904946, max=73.19600219726563, mean=15.835372401077741
ina[0].shape = (100,), inb[0].shape = (100,), P_list[0].shape = (100, 100)
uref_y: min=-37.01066385904946, max=73.19600219726563, mean=15.835372401077741
ina[0].shape = (100,), inb[0].shape = (100,), P_list[0].shape = (100, 100)
