/home/jf4241/ecmwf/tpt_ecmwf/tpt_general.py:306: RuntimeWarning: invalid value encountered in sqrt
  cond = np.sqrt(cond)
/home/jf4241/ecmwf/tpt_ecmwf/tpt_general.py:306: RuntimeWarning: invalid value encountered in sqrt
  cond = np.sqrt(cond)
/home/jf4241/ecmwf/tpt_ecmwf/tpt_general.py:306: RuntimeWarning: invalid value encountered in sqrt
  cond = np.sqrt(cond)
/home/jf4241/ecmwf/tpt_ecmwf/tpt_general.py:306: RuntimeWarning: invalid value encountered in sqrt
  cond = np.sqrt(cond)
/home/jf4241/ecmwf/tpt_ecmwf/tpt_general.py:306: RuntimeWarning: invalid value encountered in sqrt
  cond = np.sqrt(cond)
/home/jf4241/ecmwf/tpt_ecmwf/tpt_general.py:306: RuntimeWarning: invalid value encountered in sqrt
  cond = np.sqrt(cond)
/home/jf4241/ecmwf/tpt_ecmwf/tpt_general.py:306: RuntimeWarning: invalid value encountered in sqrt
  cond = np.sqrt(cond)
/home/jf4241/ecmwf/tpt_ecmwf/tpt_general.py:306: RuntimeWarning: invalid value encountered in sqrt
  cond = np.sqrt(cond)
/ext3/miniconda3/lib/python3.9/site-packages/matplotlib/transforms.py:2623: RuntimeWarning: divide by zero encountered in double_scalars
  y_scale = 1.0 / inh
posx and posy should be finite values
posx and posy should be finite values
posx and posy should be finite values
posx and posy should be finite values
posx and posy should be finite values
posx and posy should be finite values
posx and posy should be finite values
posx and posy should be finite values
posx and posy should be finite values
posx and posy should be finite values
posx and posy should be finite values
posx and posy should be finite values
posx and posy should be finite values
posx and posy should be finite values
posx and posy should be finite values
posx and posy should be finite values
posx and posy should be finite values
posx and posy should be finite values
/home/jf4241/ecmwf/tpt_ecmwf/tpt_general.py:306: RuntimeWarning: invalid value encountered in sqrt
  cond = np.sqrt(cond)
/home/jf4241/ecmwf/tpt_ecmwf/tpt_general.py:306: RuntimeWarning: invalid value encountered in sqrt
  cond = np.sqrt(cond)
/home/jf4241/ecmwf/tpt_ecmwf/tpt_general.py:306: RuntimeWarning: invalid value encountered in sqrt
  cond = np.sqrt(cond)
/home/jf4241/ecmwf/tpt_ecmwf/tpt_general.py:306: RuntimeWarning: invalid value encountered in sqrt
  cond = np.sqrt(cond)
/home/jf4241/ecmwf/tpt_ecmwf/tpt_general.py:306: RuntimeWarning: invalid value encountered in sqrt
  cond = np.sqrt(cond)
/home/jf4241/ecmwf/tpt_ecmwf/tpt_general.py:306: RuntimeWarning: invalid value encountered in sqrt
  cond = np.sqrt(cond)
/home/jf4241/ecmwf/tpt_ecmwf/tpt_general.py:306: RuntimeWarning: invalid value encountered in sqrt
  cond = np.sqrt(cond)
/home/jf4241/ecmwf/tpt_ecmwf/tpt_general.py:306: RuntimeWarning: invalid value encountered in sqrt
  cond = np.sqrt(cond)
/ext3/miniconda3/lib/python3.9/site-packages/matplotlib/transforms.py:2623: RuntimeWarning: divide by zero encountered in double_scalars
  y_scale = 1.0 / inh
posx and posy should be finite values
posx and posy should be finite values
posx and posy should be finite values
posx and posy should be finite values
posx and posy should be finite values
posx and posy should be finite values
posx and posy should be finite values
posx and posy should be finite values
posx and posy should be finite values
posx and posy should be finite values
posx and posy should be finite values
posx and posy should be finite values
posx and posy should be finite values
posx and posy should be finite values
posx and posy should be finite values
posx and posy should be finite values
posx and posy should be finite values
posx and posy should be finite values
/home/jf4241/ecmwf/tpt_ecmwf/tpt_general.py:306: RuntimeWarning: invalid value encountered in sqrt
  cond = np.sqrt(cond)
/home/jf4241/ecmwf/tpt_ecmwf/tpt_general.py:306: RuntimeWarning: invalid value encountered in sqrt
  cond = np.sqrt(cond)
/home/jf4241/ecmwf/tpt_ecmwf/tpt_general.py:306: RuntimeWarning: invalid value encountered in sqrt
  cond = np.sqrt(cond)
/home/jf4241/ecmwf/tpt_ecmwf/tpt_general.py:306: RuntimeWarning: invalid value encountered in sqrt
  cond = np.sqrt(cond)
/home/jf4241/ecmwf/tpt_ecmwf/tpt_general.py:306: RuntimeWarning: invalid value encountered in sqrt
  cond = np.sqrt(cond)
/home/jf4241/ecmwf/tpt_ecmwf/tpt_general.py:306: RuntimeWarning: invalid value encountered in sqrt
  cond = np.sqrt(cond)
/home/jf4241/ecmwf/tpt_ecmwf/tpt_general.py:306: RuntimeWarning: invalid value encountered in sqrt
  cond = np.sqrt(cond)
/home/jf4241/ecmwf/tpt_ecmwf/tpt_general.py:306: RuntimeWarning: invalid value encountered in sqrt
  cond = np.sqrt(cond)
/home/jf4241/ecmwf/tpt_ecmwf/tpt_general.py:306: RuntimeWarning: invalid value encountered in sqrt
  cond = np.sqrt(cond)
/home/jf4241/ecmwf/tpt_ecmwf/tpt_general.py:306: RuntimeWarning: invalid value encountered in sqrt
  cond = np.sqrt(cond)
/home/jf4241/ecmwf/tpt_ecmwf/tpt_general.py:306: RuntimeWarning: invalid value encountered in sqrt
  cond = np.sqrt(cond)
/ext3/miniconda3/lib/python3.9/site-packages/matplotlib/transforms.py:2623: RuntimeWarning: divide by zero encountered in double_scalars
  y_scale = 1.0 / inh
posx and posy should be finite values
posx and posy should be finite values
posx and posy should be finite values
posx and posy should be finite values
posx and posy should be finite values
posx and posy should be finite values
posx and posy should be finite values
posx and posy should be finite values
posx and posy should be finite values
posx and posy should be finite values
posx and posy should be finite values
posx and posy should be finite values
posx and posy should be finite values
posx and posy should be finite values
posx and posy should be finite values
posx and posy should be finite values
posx and posy should be finite values
posx and posy should be finite values
/home/jf4241/ecmwf/tpt_ecmwf/tpt_general.py:306: RuntimeWarning: invalid value encountered in sqrt
  cond = np.sqrt(cond)
/home/jf4241/ecmwf/tpt_ecmwf/tpt_general.py:306: RuntimeWarning: invalid value encountered in sqrt
  cond = np.sqrt(cond)
/home/jf4241/ecmwf/tpt_ecmwf/tpt_general.py:306: RuntimeWarning: invalid value encountered in sqrt
  cond = np.sqrt(cond)
/home/jf4241/ecmwf/tpt_ecmwf/tpt_general.py:306: RuntimeWarning: invalid value encountered in sqrt
  cond = np.sqrt(cond)
/home/jf4241/ecmwf/tpt_ecmwf/tpt_general.py:306: RuntimeWarning: invalid value encountered in sqrt
  cond = np.sqrt(cond)
/ext3/miniconda3/lib/python3.9/site-packages/matplotlib/transforms.py:2623: RuntimeWarning: divide by zero encountered in double_scalars
  y_scale = 1.0 / inh
posx and posy should be finite values
posx and posy should be finite values
posx and posy should be finite values
posx and posy should be finite values
posx and posy should be finite values
posx and posy should be finite values
posx and posy should be finite values
posx and posy should be finite values
posx and posy should be finite values
posx and posy should be finite values
posx and posy should be finite values
posx and posy should be finite values
posx and posy should be finite values
posx and posy should be finite values
posx and posy should be finite values
posx and posy should be finite values
posx and posy should be finite values
posx and posy should be finite values
/home/jf4241/ecmwf/tpt_ecmwf/tpt_general.py:306: RuntimeWarning: invalid value encountered in sqrt
  cond = np.sqrt(cond)
/home/jf4241/ecmwf/tpt_ecmwf/tpt_general.py:306: RuntimeWarning: invalid value encountered in sqrt
  cond = np.sqrt(cond)
/home/jf4241/ecmwf/tpt_ecmwf/tpt_general.py:306: RuntimeWarning: invalid value encountered in sqrt
  cond = np.sqrt(cond)
/home/jf4241/ecmwf/tpt_ecmwf/tpt_general.py:306: RuntimeWarning: invalid value encountered in sqrt
  cond = np.sqrt(cond)
/home/jf4241/ecmwf/tpt_ecmwf/tpt_general.py:306: RuntimeWarning: invalid value encountered in sqrt
  cond = np.sqrt(cond)
/home/jf4241/ecmwf/tpt_ecmwf/tpt_general.py:306: RuntimeWarning: invalid value encountered in sqrt
  cond = np.sqrt(cond)
/ext3/miniconda3/lib/python3.9/site-packages/matplotlib/transforms.py:2623: RuntimeWarning: divide by zero encountered in double_scalars
  y_scale = 1.0 / inh
posx and posy should be finite values
posx and posy should be finite values
posx and posy should be finite values
posx and posy should be finite values
posx and posy should be finite values
posx and posy should be finite values
posx and posy should be finite values
posx and posy should be finite values
posx and posy should be finite values
posx and posy should be finite values
posx and posy should be finite values
posx and posy should be finite values
posx and posy should be finite values
posx and posy should be finite values
posx and posy should be finite values
posx and posy should be finite values
posx and posy should be finite values
posx and posy should be finite values
/home/jf4241/ecmwf/tpt_ecmwf/tpt_general.py:306: RuntimeWarning: invalid value encountered in sqrt
  cond = np.sqrt(cond)
/home/jf4241/ecmwf/tpt_ecmwf/tpt_general.py:306: RuntimeWarning: invalid value encountered in sqrt
  cond = np.sqrt(cond)
/home/jf4241/ecmwf/tpt_ecmwf/tpt_general.py:306: RuntimeWarning: invalid value encountered in sqrt
  cond = np.sqrt(cond)
/ext3/miniconda3/lib/python3.9/site-packages/matplotlib/transforms.py:2623: RuntimeWarning: divide by zero encountered in double_scalars
  y_scale = 1.0 / inh
posx and posy should be finite values
posx and posy should be finite values
posx and posy should be finite values
posx and posy should be finite values
posx and posy should be finite values
posx and posy should be finite values
posx and posy should be finite values
posx and posy should be finite values
posx and posy should be finite values
posx and posy should be finite values
posx and posy should be finite values
posx and posy should be finite values
posx and posy should be finite values
posx and posy should be finite values
posx and posy should be finite values
posx and posy should be finite values
posx and posy should be finite values
posx and posy should be finite values
/home/jf4241/ecmwf/tpt_ecmwf/tpt_general.py:306: RuntimeWarning: invalid value encountered in sqrt
  cond = np.sqrt(cond)
/ext3/miniconda3/lib/python3.9/site-packages/matplotlib/transforms.py:2623: RuntimeWarning: divide by zero encountered in double_scalars
  y_scale = 1.0 / inh
posx and posy should be finite values
posx and posy should be finite values
posx and posy should be finite values
posx and posy should be finite values
posx and posy should be finite values
posx and posy should be finite values
posx and posy should be finite values
posx and posy should be finite values
posx and posy should be finite values
posx and posy should be finite values
posx and posy should be finite values
posx and posy should be finite values
posx and posy should be finite values
posx and posy should be finite values
posx and posy should be finite values
posx and posy should be finite values
posx and posy should be finite values
posx and posy should be finite values
/home/jf4241/ecmwf/tpt_ecmwf/tpt_general.py:306: RuntimeWarning: invalid value encountered in sqrt
  cond = np.sqrt(cond)
/ext3/miniconda3/lib/python3.9/site-packages/matplotlib/transforms.py:2623: RuntimeWarning: divide by zero encountered in double_scalars
  y_scale = 1.0 / inh
posx and posy should be finite values
posx and posy should be finite values
posx and posy should be finite values
posx and posy should be finite values
posx and posy should be finite values
posx and posy should be finite values
posx and posy should be finite values
posx and posy should be finite values
posx and posy should be finite values
posx and posy should be finite values
posx and posy should be finite values
posx and posy should be finite values
posx and posy should be finite values
posx and posy should be finite values
posx and posy should be finite values
posx and posy should be finite values
posx and posy should be finite values
posx and posy should be finite values
